<?xml version="1.0" encoding="UTF-8"?>
<testsuite name="cucumber.TestRunner" tests="0" skipped="0" failures="0" errors="0" timestamp="1970-01-01T00:00:00" hostname="Mandys-MacBook-Pro.local" time="0.0">
  <properties/>
  <system-out><![CDATA[Feature: Load hit rate data

  Scenario: Search top 5 hit rate websites            ?[90m# loadHitrate.feature:3?[0m
    ?[33mGiven ?[0m?[33mI have the following hit rate data?[0m          ?[90m# LoadHitrateSteps.i_have_the_following_hit_rate_data(DataTable)?[0m
      ?[31mcucumber.api.PendingException: TODO: implement me
      	at cucumber.steps.LoadHitrateSteps.i_have_the_following_hit_rate_data(LoadHitrateSteps.java:16)
      	at ✽.Given I have the following hit rate data(loadHitrate.feature:5)
      ?[0m
    ?[36mWhen ?[0m?[36mhit rate loader is run?[0m                       ?[90m# LoadHitrateSteps.hit_rate_loader_is_run()?[0m
    ?[36mThen ?[0m?[36mthe following hit rate data should be loaded?[0m ?[90m# LoadHitrateSteps.the_following_hit_rate_data_should_be_loaded(DataTable)?[0m

1 Scenarios (?[33m1 pending?[0m)
3 Steps (?[36m2 skipped?[0m, ?[33m1 pending?[0m)
0m0.077s

cucumber.api.PendingException: TODO: implement me
	at cucumber.steps.LoadHitrateSteps.i_have_the_following_hit_rate_data(LoadHitrateSteps.java:16)
	at ✽.Given I have the following hit rate data(loadHitrate.feature:5)

]]></system-out>
  <system-err><![CDATA[]]></system-err>
</testsuite>
