<?xml version="1.0" encoding="UTF-8"?>
<testsuite name="cucumber.TestRunner" tests="0" skipped="0" failures="0" errors="0" timestamp="1970-01-01T00:00:00" hostname="Mandys-MacBook-Pro.local" time="0.0">
  <properties/>
  <system-out><![CDATA[Feature: Load hit rate data

  Scenario: Search top 5 hit rate websites            ?[90m# loadHitrate.feature:3?[0m
    ?[33mGiven ?[0m?[33mI have the following hit rate data?[0m
    ?[33mWhen ?[0m?[33mhit rate loader is run?[0m
    ?[33mThen ?[0m?[33mthe following hit rate data should be loaded?[0m

1 Scenarios (?[33m1 undefined?[0m)
3 Steps (?[33m3 undefined?[0m)
0m0.000s


You can implement missing steps with the snippets below:

@Given("^I have the following hit rate data$")
public void i_have_the_following_hit_rate_data(DataTable arg1) throws Throwable {
    // Write code here that turns the phrase above into concrete actions
    // For automatic transformation, change DataTable to one of
    // List<YourType>, List<List<E>>, List<Map<K,V>> or Map<K,V>.
    // E,K,V must be a scalar (String, Integer, Date, enum etc)
    throw new PendingException();
}

@When("^hit rate loader is run$")
public void hit_rate_loader_is_run() throws Throwable {
    // Write code here that turns the phrase above into concrete actions
    throw new PendingException();
}

@Then("^the following hit rate data should be loaded$")
public void the_following_hit_rate_data_should_be_loaded(DataTable arg1) throws Throwable {
    // Write code here that turns the phrase above into concrete actions
    // For automatic transformation, change DataTable to one of
    // List<YourType>, List<List<E>>, List<Map<K,V>> or Map<K,V>.
    // E,K,V must be a scalar (String, Integer, Date, enum etc)
    throw new PendingException();
}

]]></system-out>
  <system-err><![CDATA[]]></system-err>
</testsuite>
