<?xml version="1.0" encoding="UTF-8"?>
<testsuite name="Scenario: Search top 5 hit rate websites" tests="4" skipped="3" failures="0" errors="0" timestamp="2017-07-17T07:29:38" hostname="Mandys-MacBook-Pro.local" time="0.005">
  <properties/>
  <testcase name="Given I have the following hit rate data" classname="Scenario: Search top 5 hit rate websites" time="0.0">
    <skipped/>
  </testcase>
  <testcase name="When hit rate loader is run" classname="Scenario: Search top 5 hit rate websites" time="0.0">
    <skipped/>
  </testcase>
  <testcase name="Then the following hit rate data should be loaded" classname="Scenario: Search top 5 hit rate websites" time="0.0">
    <skipped/>
  </testcase>
  <testcase name="classMethod" classname="Scenario: Search top 5 hit rate websites" time="0.009"/>
  <system-out><![CDATA[]]></system-out>
  <system-err><![CDATA[]]></system-err>
</testsuite>
